[debug] [2023-08-25T20:52:24.635Z] ----------------------------------------------------------------------
[debug] [2023-08-25T20:52:24.637Z] Command:       C:\Program Files\nodejs\node.exe C:\Users\Tereza\AppData\Roaming\npm\node_modules\firebase-tools\lib\bin\firebase.js init
[debug] [2023-08-25T20:52:24.638Z] CLI Version:   12.5.2
[debug] [2023-08-25T20:52:24.638Z] Platform:      win32
[debug] [2023-08-25T20:52:24.638Z] Node Version:  v18.14.2
[debug] [2023-08-25T20:52:24.639Z] Time:          Sat Aug 26 2023 00:52:24 GMT+0400 (Armenia Standard Time)
[debug] [2023-08-25T20:52:24.640Z] ----------------------------------------------------------------------
[debug] 
[debug] [2023-08-25T20:52:24.645Z] >>> [apiv2][query] GET https://firebase-public.firebaseio.com/cli.json [none]
[debug] [2023-08-25T20:52:24.696Z] > command requires scopes: ["email","openid","https://www.googleapis.com/auth/cloudplatformprojects.readonly","https://www.googleapis.com/auth/firebase","https://www.googleapis.com/auth/cloud-platform"]
[debug] [2023-08-25T20:52:24.696Z] > authorizing via signed-in user (shashikyantereza@gmail.com)
[info] 
     ######## #### ########  ######## ########     ###     ######  ########
     ##        ##  ##     ## ##       ##     ##  ##   ##  ##       ##
     ######    ##  ########  ######   ########  #########  ######  ######
     ##        ##  ##    ##  ##       ##     ## ##     ##       ## ##
     ##       #### ##     ## ######## ########  ##     ##  ######  ########

You're about to initialize a Firebase project in this directory:

  C:\Users\Tereza\OneDrive\Рабочий стол\todoapp-tereza-shashikyan

[debug] [2023-08-25T20:52:25.112Z] <<< [apiv2][status] GET https://firebase-public.firebaseio.com/cli.json 200
[debug] [2023-08-25T20:52:25.112Z] <<< [apiv2][body] GET https://firebase-public.firebaseio.com/cli.json {"cloudBuildErrorAfter":1594252800000,"cloudBuildWarnAfter":1590019200000,"defaultNode10After":1594252800000,"minVersion":"3.0.5","node8DeploysDisabledAfter":1613390400000,"node8RuntimeDisabledAfter":1615809600000,"node8WarnAfter":1600128000000}
